2025-10-28 15:02:29,029 - INFO - ==================================================
2025-10-28 15:02:29,030 - INFO - ЗАПУСК ПРОЕКТА CREDIT SCORING
2025-10-28 15:02:29,030 - INFO - ==================================================
2025-10-28 15:02:29,030 - INFO - Виртуальное окружение активировано
2025-10-28 15:02:29,030 - INFO - Создание структуры проекта...
2025-10-28 15:02:29,033 - INFO - Структура проекта создана!
2025-10-28 15:02:29,034 - INFO - Данные найдены
2025-10-28 15:02:29,034 - INFO - Запуск EDA анализ...
2025-10-28 15:02:41,356 - INFO - EDA анализ завершен успешно
2025-10-28 15:02:41,357 - INFO - Запуск Подготовка данных...
2025-10-28 15:02:43,881 - INFO - Подготовка данных завершен успешно
2025-10-28 15:02:43,881 - INFO - Запуск Feature Engineering...
2025-10-28 15:02:45,832 - INFO - Feature Engineering завершен успешно
2025-10-28 15:02:45,832 - INFO - Запуск Обучение моделей...
2025-10-28 15:04:31,784 - INFO - Обучение моделей завершен успешно
2025-10-28 15:04:31,784 - INFO - Запуск Обучение пайплайна...
2025-10-28 15:04:33,676 - INFO - Обучение пайплайна завершен успешно
2025-10-28 15:04:33,676 - INFO - Запуск MLflow и FastAPI...
2025-10-28 15:04:33,685 - INFO - MLflow запущен: http://127.0.0.1:5000
2025-10-28 15:04:33,686 - INFO - FastAPI запущен: http://127.0.0.1:8000
2025-10-28 15:04:33,686 - INFO - Для остановки нажмите Ctrl+C
2025-10-28 15:11:32,590 - INFO - ==================================================
2025-10-28 15:11:32,590 - INFO - ЗАПУСК ПРОЕКТА CREDIT SCORING
2025-10-28 15:11:32,591 - INFO - ==================================================
2025-10-28 15:11:32,591 - INFO - Виртуальное окружение активировано
2025-10-28 15:11:32,591 - INFO - Создание структуры проекта...
2025-10-28 15:11:32,592 - INFO - Структура проекта создана!
2025-10-28 15:11:32,592 - INFO - Данные найдены
2025-10-28 15:11:32,592 - INFO - Запуск EDA анализ...
2025-10-28 15:12:04,600 - INFO - EDA анализ завершен успешно
2025-10-28 15:12:04,600 - INFO - Запуск Подготовка данных...
2025-10-28 15:12:07,151 - INFO - Подготовка данных завершен успешно
2025-10-28 15:12:07,152 - INFO - Запуск Feature Engineering...
2025-10-28 15:12:09,082 - INFO - Feature Engineering завершен успешно
2025-10-28 15:12:09,082 - INFO - Запуск Обучение моделей...
2025-10-28 15:13:56,251 - INFO - Обучение моделей завершен успешно
2025-10-28 15:13:56,251 - INFO - Запуск Обучение пайплайна...
2025-10-28 15:13:58,224 - INFO - Обучение пайплайна завершен успешно
2025-10-28 15:13:58,224 - INFO - Запуск MLflow и FastAPI...
2025-10-28 15:13:58,234 - INFO - MLflow запущен: http://127.0.0.1:5000
2025-10-28 15:13:58,234 - INFO - FastAPI запущен: http://127.0.0.1:8000
2025-10-28 15:13:58,234 - INFO - Для остановки нажмите Ctrl+C
2025-10-28 21:20:22,668 - INFO - ==================================================
2025-10-28 21:20:22,669 - INFO - ЗАПУСК ПРОЕКТА CREDIT SCORING - Режим: full
2025-10-28 21:20:22,669 - INFO - ==================================================
2025-10-28 21:20:22,669 - INFO - Виртуальное окружение активировано
2025-10-28 21:20:22,669 - INFO - Создание структуры проекта...
2025-10-28 21:20:22,670 - INFO - Структура проекта создана!
2025-10-28 21:20:22,670 - INFO - ⚙️ Настройка тестирования...
2025-10-28 21:20:22,671 - INFO - ⚙️ Настройка мониторинга...
2025-10-28 21:20:22,671 - INFO - Данные найдены
2025-10-28 21:20:22,671 - INFO - 🎯 Режим: Полный пайплайн
2025-10-28 21:20:22,672 - INFO - 🧪 Запуск unit-тестов...
2025-10-28 21:20:23,259 - WARNING - pytest не установлен, пропускаем тесты
2025-10-28 21:20:23,259 - INFO - 🔍 Проверка стиля кода...
2025-10-28 21:20:23,261 - ERROR - ❌ Ошибка линтинга: [WinError 2] Не удается найти указанный файл
2025-10-28 21:20:23,261 - WARNING - ⚠️ Проблемы с тестами/линтингом, но продолжаем...
2025-10-28 21:20:23,261 - INFO - 📈 Запуск мониторинга дрифта...
2025-10-28 21:20:24,678 - WARNING - ⚠️ Мониторинг дрифта завершен с предупреждениями
2025-10-28 21:20:24,679 - INFO - Запуск EDA анализ...
2025-10-28 21:20:37,178 - INFO - EDA анализ завершен успешно
2025-10-28 21:20:37,178 - INFO - Запуск Подготовка данных...
2025-10-28 21:20:39,285 - INFO - Подготовка данных завершен успешно
2025-10-28 21:20:39,285 - INFO - Запуск Feature Engineering...
2025-10-28 21:20:40,926 - INFO - Feature Engineering завершен успешно
2025-10-28 21:20:40,927 - INFO - Запуск Обучение моделей...
2025-10-28 21:22:10,341 - INFO - Обучение моделей завершен успешно
2025-10-28 21:22:10,341 - INFO - Запуск сервисов...
2025-10-28 21:22:10,345 - INFO - MLflow запущен: http://127.0.0.1:5000
2025-10-28 21:22:10,350 - INFO - FastAPI запущен: http://127.0.0.1:8000
2025-10-28 21:22:10,350 - INFO - 📚 Документация: http://127.0.0.1:8000/docs
2025-10-28 21:22:10,350 - INFO - 📊 Дашборд: http://127.0.0.1:8000/dashboard
2025-10-28 21:22:10,351 - INFO - Для остановки нажмите Ctrl+C
2025-10-28 21:35:13,869 - INFO - ==================================================
2025-10-28 21:35:13,870 - INFO - ЗАПУСК ПРОЕКТА CREDIT SCORING - Режим: full
2025-10-28 21:35:13,870 - INFO - ==================================================
2025-10-28 21:35:13,870 - INFO - Виртуальное окружение активировано
2025-10-28 21:35:13,870 - INFO - Создание структуры проекта...
2025-10-28 21:35:13,871 - INFO - Структура проекта создана!
2025-10-28 21:35:13,872 - INFO -  Настройка тестирования...
2025-10-28 21:35:13,872 - INFO -  Настройка мониторинга...
2025-10-28 21:35:13,872 - INFO - Данные найдены
2025-10-28 21:35:13,873 - INFO -  Режим: Полный пайплайн
2025-10-28 21:35:13,873 - INFO -  Запуск unit-тестов...
2025-10-28 21:35:14,457 - WARNING - pytest не установлен, пропускаем тесты
2025-10-28 21:35:14,457 - INFO -  Проверка стиля кода...
2025-10-28 21:35:14,458 - ERROR -  Ошибка линтинга: [WinError 2] Не удается найти указанный файл
2025-10-28 21:35:14,459 - WARNING -  Проблемы с тестами/линтингом, но продолжаем...
2025-10-28 21:35:14,459 - INFO -  Запуск мониторинга дрифта...
2025-10-28 21:35:15,191 - WARNING -  Мониторинг дрифта завершен с предупреждениями
2025-10-28 21:35:15,191 - INFO - Запуск EDA анализ...
2025-10-28 21:35:27,881 - INFO - EDA анализ завершен успешно
2025-10-28 21:35:27,882 - INFO - Запуск Подготовка данных...
2025-10-28 21:35:29,847 - INFO - Подготовка данных завершен успешно
2025-10-28 21:35:29,847 - INFO - Запуск Feature Engineering...
2025-10-28 21:35:31,484 - INFO - Feature Engineering завершен успешно
2025-10-28 21:35:31,484 - INFO - Запуск Обучение моделей...
2025-10-28 21:36:57,521 - INFO - Обучение моделей завершен успешно
2025-10-28 21:36:57,521 - INFO - Запуск сервисов...
2025-10-28 21:36:57,524 - INFO - MLflow запущен: http://127.0.0.1:5000
2025-10-28 21:36:57,529 - INFO - FastAPI запущен: http://127.0.0.1:8000
2025-10-28 21:36:57,529 - INFO -  Документация: http://127.0.0.1:8000/docs
2025-10-28 21:36:57,529 - INFO -  Дашборд: http://127.0.0.1:8000/dashboard
2025-10-28 21:36:57,530 - INFO - Для остановки нажмите Ctrl+C
2025-10-28 21:37:16,782 - INFO - Остановка сервисов...
2025-10-28 21:37:16,782 - INFO - Завершение работы launch.py
2025-10-28 21:37:24,921 - INFO - ==================================================
2025-10-28 21:37:24,921 - INFO - ЗАПУСК ПРОЕКТА CREDIT SCORING - Режим: full
2025-10-28 21:37:24,922 - INFO - ==================================================
2025-10-28 21:37:24,922 - INFO - Виртуальное окружение активировано
2025-10-28 21:37:24,922 - INFO - Создание структуры проекта...
2025-10-28 21:37:24,923 - INFO - Структура проекта создана!
2025-10-28 21:37:24,923 - INFO -  Настройка тестирования...
2025-10-28 21:37:24,924 - INFO -  Настройка мониторинга...
2025-10-28 21:37:24,924 - INFO - Данные найдены
2025-10-28 21:37:24,924 - INFO -  Режим: Полный пайплайн
2025-10-28 21:37:24,924 - INFO -  Запуск unit-тестов...
2025-10-28 21:37:25,479 - WARNING - pytest не установлен, пропускаем тесты
2025-10-28 21:37:25,479 - INFO -  Проверка стиля кода...
2025-10-28 21:37:25,480 - ERROR -  Ошибка линтинга: [WinError 2] Не удается найти указанный файл
2025-10-28 21:37:25,480 - WARNING -  Проблемы с тестами/линтингом, но продолжаем...
2025-10-28 21:37:25,480 - INFO -  Запуск мониторинга дрифта...
2025-10-28 21:37:26,199 - WARNING -  Мониторинг дрифта завершен с предупреждениями
2025-10-28 21:37:26,200 - INFO - Запуск EDA анализ...
2025-10-28 21:37:43,912 - INFO - EDA анализ завершен успешно
2025-10-28 21:37:43,912 - INFO - Запуск Подготовка данных...
2025-10-28 21:37:45,873 - INFO - Подготовка данных завершен успешно
2025-10-28 21:37:45,874 - INFO - Запуск Feature Engineering...
2025-10-28 21:37:47,448 - INFO - Feature Engineering завершен успешно
2025-10-28 21:37:47,448 - INFO - Запуск Обучение моделей...
2025-10-28 21:39:10,820 - INFO - Обучение моделей завершен успешно
2025-10-28 21:39:10,820 - INFO - Запуск сервисов...
2025-10-28 21:39:10,824 - INFO - MLflow запущен: http://127.0.0.1:5000
2025-10-28 21:39:10,829 - INFO - FastAPI запущен: http://127.0.0.1:8000
2025-10-28 21:39:10,830 - INFO -  Документация: http://127.0.0.1:8000/docs
2025-10-28 21:39:10,830 - INFO -  Дашборд: http://127.0.0.1:8000/dashboard
2025-10-28 21:39:10,830 - INFO - Для остановки нажмите Ctrl+C
2025-10-28 21:44:48,146 - INFO - Остановка сервисов...
2025-10-28 21:44:48,147 - INFO - Завершение работы launch.py
2025-10-28 21:57:23,097 - INFO - ==================================================
2025-10-28 21:57:23,097 - INFO - ЗАПУСК ПРОЕКТА CREDIT SCORING - Режим: full
2025-10-28 21:57:23,097 - INFO - ==================================================
2025-10-28 21:57:23,098 - INFO - Виртуальное окружение активировано
2025-10-28 21:57:23,098 - INFO - Создание структуры проекта...
2025-10-28 21:57:23,099 - INFO - Структура проекта создана!
2025-10-28 21:57:23,099 - INFO -  Настройка тестирования...
2025-10-28 21:57:23,100 - INFO -  Настройка мониторинга...
2025-10-28 21:57:23,100 - INFO - Данные найдены
2025-10-28 21:57:23,100 - INFO -  Режим: Полный пайплайн
2025-10-28 21:57:23,100 - INFO -  Запуск unit-тестов...
2025-10-28 21:57:23,671 - WARNING - pytest не установлен, пропускаем тесты
2025-10-28 21:57:23,671 - INFO -  Проверка стиля кода...
2025-10-28 21:57:23,672 - ERROR -  Ошибка линтинга: [WinError 2] Не удается найти указанный файл
2025-10-28 21:57:23,672 - WARNING -  Проблемы с тестами/линтингом, но продолжаем...
2025-10-28 21:57:23,672 - INFO -  Запуск мониторинга дрифта...
2025-10-28 21:57:24,409 - WARNING -  Мониторинг дрифта завершен с предупреждениями
2025-10-28 21:57:24,409 - INFO - Запуск EDA анализ...
2025-10-28 21:57:40,299 - INFO - EDA анализ завершен успешно
2025-10-28 21:57:40,299 - INFO - Запуск Подготовка данных...
2025-10-28 21:57:42,268 - INFO - Подготовка данных завершен успешно
2025-10-28 21:57:42,269 - INFO - Запуск Feature Engineering...
2025-10-28 21:57:43,828 - INFO - Feature Engineering завершен успешно
2025-10-28 21:57:43,829 - INFO - Запуск Обучение моделей...
2025-10-28 21:59:10,157 - INFO - Обучение моделей завершен успешно
2025-10-28 21:59:10,157 - INFO - Запуск сервисов...
2025-10-28 21:59:10,161 - INFO - MLflow запущен: http://127.0.0.1:5000
2025-10-28 21:59:10,165 - INFO - FastAPI запущен: http://127.0.0.1:8000
2025-10-28 21:59:10,165 - INFO -  Документация: http://127.0.0.1:8000/docs
2025-10-28 21:59:10,166 - INFO -  Дашборд: http://127.0.0.1:8000/dashboard
2025-10-28 21:59:10,166 - INFO - Для остановки нажмите Ctrl+C
2025-10-28 22:07:46,477 - INFO - ==================================================
2025-10-28 22:07:46,477 - INFO - ЗАПУСК ПРОЕКТА CREDIT SCORING - Режим: full
2025-10-28 22:07:46,477 - INFO - ==================================================
2025-10-28 22:07:46,478 - ERROR - Виртуальное окружение не активировано
2025-10-28 22:12:28,270 - INFO - ==================================================
2025-10-28 22:12:28,270 - INFO - ЗАПУСК ПРОЕКТА CREDIT SCORING - Режим: full
2025-10-28 22:12:28,271 - INFO - ==================================================
2025-10-28 22:12:28,271 - INFO - Виртуальное окружение активировано
2025-10-28 22:12:28,271 - INFO - Создание структуры проекта...
2025-10-28 22:12:28,272 - INFO - Структура проекта создана!
2025-10-28 22:12:28,272 - INFO -  Настройка тестирования...
2025-10-28 22:12:28,273 - INFO -  Настройка мониторинга...
2025-10-28 22:12:28,274 - INFO - Данные найдены
2025-10-28 22:12:28,274 - INFO -  Режим: Полный пайплайн
2025-10-28 22:12:28,274 - INFO -  Запуск unit-тестов...
2025-10-28 22:12:29,122 - WARNING - pytest не установлен, пропускаем тесты
2025-10-28 22:12:29,122 - INFO -  Проверка стиля кода...
2025-10-28 22:12:29,123 - ERROR -  Ошибка линтинга: [WinError 2] Не удается найти указанный файл
2025-10-28 22:12:29,124 - WARNING -  Проблемы с тестами/линтингом, но продолжаем...
2025-10-28 22:12:29,124 - INFO -  Запуск мониторинга дрифта...
2025-10-28 22:12:29,889 - WARNING -  Мониторинг дрифта завершен с предупреждениями
2025-10-28 22:12:29,889 - INFO - Запуск EDA анализ...
2025-10-28 22:13:07,743 - INFO - EDA анализ завершен успешно
2025-10-28 22:13:07,744 - INFO - Запуск Подготовка данных...
2025-10-28 22:13:10,139 - INFO - Подготовка данных завершен успешно
2025-10-28 22:13:10,139 - INFO - Запуск Feature Engineering...
2025-10-28 22:13:12,668 - INFO - Feature Engineering завершен успешно
2025-10-28 22:13:12,668 - INFO - Запуск Обучение моделей...
2025-10-28 22:14:50,454 - INFO - Обучение моделей завершен успешно
2025-10-28 22:14:50,454 - INFO - Запуск сервисов...
2025-10-28 22:14:50,458 - INFO - MLflow запущен: http://127.0.0.1:5000
2025-10-28 22:14:50,463 - INFO - FastAPI запущен: http://127.0.0.1:8000
2025-10-28 22:14:50,463 - INFO -  Документация: http://127.0.0.1:8000/docs
2025-10-28 22:14:50,463 - INFO -  Дашборд: http://127.0.0.1:8000/dashboard
2025-10-28 22:14:50,463 - INFO - Для остановки нажмите Ctrl+C
2025-10-28 22:23:43,771 - INFO - ==================================================
2025-10-28 22:23:43,771 - INFO - ЗАПУСК ПРОЕКТА CREDIT SCORING - Режим: full
2025-10-28 22:23:43,772 - INFO - ==================================================
2025-10-28 22:23:43,772 - INFO - Виртуальное окружение активировано
2025-10-28 22:23:43,772 - INFO - Создание структуры проекта...
2025-10-28 22:23:43,773 - INFO - Структура проекта создана!
2025-10-28 22:23:43,773 - INFO -  Настройка тестирования...
2025-10-28 22:23:43,774 - INFO -  Настройка мониторинга...
2025-10-28 22:23:43,774 - INFO - Данные найдены
2025-10-28 22:23:43,774 - INFO -  Режим: Полный пайплайн
2025-10-28 22:23:43,775 - INFO -  Запуск unit-тестов...
2025-10-28 22:23:44,972 - WARNING - pytest не установлен, пропускаем тесты
2025-10-28 22:23:44,972 - INFO -  Проверка стиля кода...
2025-10-28 22:23:44,973 - ERROR -  Ошибка линтинга: [WinError 2] Не удается найти указанный файл
2025-10-28 22:23:44,973 - WARNING -  Проблемы с тестами/линтингом, но продолжаем...
2025-10-28 22:23:44,973 - INFO -  Запуск мониторинга дрифта...
2025-10-28 22:23:47,316 - WARNING -  Мониторинг дрифта завершен с предупреждениями
2025-10-28 22:23:47,316 - INFO - Запуск EDA анализ...
2025-10-28 22:24:02,063 - INFO - EDA анализ завершен успешно
2025-10-28 22:24:02,063 - INFO - Запуск Подготовка данных...
2025-10-28 22:24:04,619 - INFO - Подготовка данных завершен успешно
2025-10-28 22:24:04,620 - INFO - Запуск Feature Engineering...
2025-10-28 22:24:06,236 - INFO - Feature Engineering завершен успешно
2025-10-28 22:24:06,237 - INFO - Запуск Обучение моделей...
2025-10-28 22:25:31,862 - INFO - Обучение моделей завершен успешно
2025-10-28 22:25:31,862 - INFO - Запуск сервисов...
2025-10-28 22:25:31,866 - INFO - MLflow запущен: http://127.0.0.1:5000
2025-10-28 22:25:31,870 - INFO - FastAPI запущен: http://127.0.0.1:8000
2025-10-28 22:25:31,871 - INFO -  Документация: http://127.0.0.1:8000/docs
2025-10-28 22:25:31,871 - INFO -  Дашборд: http://127.0.0.1:8000/dashboard
2025-10-28 22:25:31,871 - INFO - Для остановки нажмите Ctrl+C
2025-10-28 22:47:36,768 - INFO - ==================================================
2025-10-28 22:47:36,768 - INFO - ЗАПУСК ПРОЕКТА CREDIT SCORING - Режим: full
2025-10-28 22:47:36,768 - INFO - ==================================================
2025-10-28 22:47:36,769 - INFO - Виртуальное окружение активировано
2025-10-28 22:47:36,769 - INFO - Создание структуры проекта...
2025-10-28 22:47:36,770 - INFO - Структура проекта создана!
2025-10-28 22:47:36,770 - INFO -  Настройка тестирования...
2025-10-28 22:47:36,771 - INFO -  Настройка мониторинга...
2025-10-28 22:47:36,771 - INFO - Данные найдены
2025-10-28 22:47:36,771 - INFO -  Режим: Полный пайплайн
2025-10-28 22:47:36,771 - INFO -  Запуск unit-тестов...
2025-10-28 22:47:37,789 - WARNING - pytest не установлен, пропускаем тесты
2025-10-28 22:47:37,789 - INFO -  Проверка стиля кода...
2025-10-28 22:47:39,053 - WARNING -  Flake8: найдено проблем - 519
2025-10-28 22:47:39,054 - WARNING -  Проблемы с тестами/линтингом, но продолжаем...
2025-10-28 22:47:39,054 - INFO -  Запуск мониторинга дрифта...
2025-10-28 22:47:39,805 - WARNING -  Мониторинг дрифта завершен с предупреждениями
2025-10-28 22:47:39,806 - INFO - Запуск EDA анализ...
2025-10-28 22:47:51,264 - INFO - EDA анализ завершен успешно
2025-10-28 22:47:51,264 - INFO - Запуск Подготовка данных...
2025-10-28 22:47:53,722 - INFO - Подготовка данных завершен успешно
2025-10-28 22:47:53,722 - INFO - Запуск Feature Engineering...
2025-10-28 22:47:55,364 - INFO - Feature Engineering завершен успешно
2025-10-28 22:47:55,364 - INFO - Запуск Обучение моделей...
2025-10-28 22:49:20,111 - INFO - Обучение моделей завершен успешно
2025-10-28 22:49:20,112 - INFO - Запуск сервисов...
2025-10-28 22:49:20,115 - INFO - MLflow запущен: http://127.0.0.1:5000
2025-10-28 22:49:20,120 - INFO - FastAPI запущен: http://127.0.0.1:8000
2025-10-28 22:49:20,120 - INFO -  Документация: http://127.0.0.1:8000/docs
2025-10-28 22:49:20,120 - INFO -  Дашборд: http://127.0.0.1:8000/dashboard
2025-10-28 22:49:20,121 - INFO - Для остановки нажмите Ctrl+C
2025-10-28 22:59:26,745 - INFO - ==================================================
2025-10-28 22:59:26,745 - INFO - ЗАПУСК ПРОЕКТА CREDIT SCORING - Режим: full
2025-10-28 22:59:26,746 - INFO - ==================================================
2025-10-28 22:59:26,746 - INFO - Виртуальное окружение активировано
2025-10-28 22:59:26,746 - INFO - Создание структуры проекта...
2025-10-28 22:59:26,747 - INFO - Структура проекта создана!
2025-10-28 22:59:26,747 - INFO -  Настройка тестирования...
2025-10-28 22:59:26,748 - INFO -  Настройка мониторинга...
2025-10-28 22:59:26,748 - INFO - Данные найдены
2025-10-28 22:59:26,748 - INFO -  Режим: Полный пайплайн
2025-10-28 22:59:26,749 - INFO -  Запуск unit-тестов...
2025-10-28 22:59:27,320 - WARNING - pytest не установлен, пропускаем тесты
2025-10-28 22:59:27,320 - INFO -  Проверка стиля кода...
2025-10-28 22:59:28,236 - WARNING -  Flake8: найдено проблем - 510
2025-10-28 22:59:28,236 - WARNING -  Проблемы с тестами/линтингом, но продолжаем...
2025-10-28 22:59:28,236 - INFO -  Запуск мониторинга дрифта...
2025-10-28 22:59:28,955 - WARNING -  Мониторинг дрифта завершен с предупреждениями
2025-10-28 22:59:28,956 - INFO - Запуск EDA анализ...
2025-10-28 22:59:39,201 - INFO - EDA анализ завершен успешно
2025-10-28 22:59:39,201 - INFO - Запуск Подготовка данных...
2025-10-28 22:59:41,340 - INFO - Подготовка данных завершен успешно
2025-10-28 22:59:41,340 - INFO - Запуск Feature Engineering...
2025-10-28 22:59:42,949 - INFO - Feature Engineering завершен успешно
2025-10-28 22:59:42,950 - INFO - Запуск Обучение моделей...
2025-10-28 23:01:06,949 - INFO - Обучение моделей завершен успешно
2025-10-28 23:01:06,950 - INFO - Запуск сервисов...
2025-10-28 23:01:06,953 - INFO - MLflow запущен: http://127.0.0.1:5000
2025-10-28 23:01:06,959 - INFO - FastAPI запущен: http://127.0.0.1:8000
2025-10-28 23:01:06,960 - INFO -  Документация: http://127.0.0.1:8000/docs
2025-10-28 23:01:06,960 - INFO -  Дашборд: http://127.0.0.1:8000/dashboard
2025-10-28 23:01:06,960 - INFO - Для остановки нажмите Ctrl+C
2025-10-28 23:13:27,072 - INFO - ==================================================
2025-10-28 23:13:27,072 - INFO - ЗАПУСК ПРОЕКТА CREDIT SCORING - Режим: full
2025-10-28 23:13:27,072 - INFO - ==================================================
2025-10-28 23:13:27,073 - INFO - Виртуальное окружение активировано
2025-10-28 23:13:27,073 - INFO - Создание структуры проекта...
2025-10-28 23:13:27,074 - INFO - Структура проекта создана!
2025-10-28 23:13:27,074 - INFO -  Настройка тестирования...
2025-10-28 23:13:27,074 - INFO -  Настройка мониторинга...
2025-10-28 23:13:27,075 - INFO - Данные найдены
2025-10-28 23:13:27,075 - INFO -  Режим: Полный пайплайн
2025-10-28 23:13:27,075 - INFO -  Запуск unit-тестов...
2025-10-28 23:13:27,652 - WARNING -  Некоторые тесты не прошли
2025-10-28 23:13:27,652 - INFO -  Проверка стиля кода...
2025-10-28 23:13:28,302 - WARNING -  Flake8: найдено проблем - 511
2025-10-28 23:13:28,302 - WARNING -  Проблемы с тестами/линтингом, но продолжаем...
2025-10-28 23:13:28,302 - INFO -  Запуск мониторинга дрифта...
2025-10-28 23:13:29,031 - WARNING -  Мониторинг дрифта завершен с предупреждениями
2025-10-28 23:13:29,031 - INFO - Запуск EDA анализ...
2025-10-28 23:13:39,458 - INFO - EDA анализ завершен успешно
2025-10-28 23:13:39,458 - INFO - Запуск Подготовка данных...
2025-10-28 23:13:41,505 - INFO - Подготовка данных завершен успешно
2025-10-28 23:13:41,505 - INFO - Запуск Feature Engineering...
2025-10-28 23:13:43,080 - INFO - Feature Engineering завершен успешно
2025-10-28 23:13:43,080 - INFO - Запуск Обучение моделей...
2025-10-28 23:15:07,801 - INFO - Обучение моделей завершен успешно
2025-10-28 23:15:07,802 - INFO - Запуск сервисов...
2025-10-28 23:15:07,805 - INFO - MLflow запущен: http://127.0.0.1:5000
2025-10-28 23:15:07,810 - INFO - FastAPI запущен: http://127.0.0.1:8000
2025-10-28 23:15:07,810 - INFO -  Документация: http://127.0.0.1:8000/docs
2025-10-28 23:15:07,810 - INFO -  Дашборд: http://127.0.0.1:8000/dashboard
2025-10-28 23:15:07,811 - INFO - Для остановки нажмите Ctrl+C
2025-10-28 23:19:09,853 - INFO - Остановка сервисов...
2025-10-28 23:19:09,854 - INFO - Завершение работы launch.py
2025-10-28 23:28:36,300 - INFO - ==================================================
2025-10-28 23:28:36,300 - INFO - ЗАПУСК ПРОЕКТА CREDIT SCORING - Режим: full
2025-10-28 23:28:36,300 - INFO - ==================================================
2025-10-28 23:28:36,301 - INFO - Виртуальное окружение активировано
2025-10-28 23:28:36,301 - INFO - Создание структуры проекта...
2025-10-28 23:28:36,302 - INFO - Структура проекта создана!
2025-10-28 23:28:36,302 - INFO -  Настройка тестирования...
2025-10-28 23:28:36,303 - INFO -  Настройка мониторинга...
2025-10-28 23:28:36,303 - INFO - Данные найдены
2025-10-28 23:28:36,303 - INFO -  Режим: Полный пайплайн
2025-10-28 23:28:36,303 - INFO -  Запуск unit-тестов...
2025-10-28 23:28:36,890 - WARNING -  Некоторые тесты не прошли
2025-10-28 23:28:36,890 - INFO -  Проверка стиля кода...
2025-10-28 23:28:37,577 - WARNING -  Flake8: найдено проблем - 520
2025-10-28 23:28:37,578 - WARNING -  Проблемы с тестами/линтингом, но продолжаем...
2025-10-28 23:28:37,578 - INFO -  Запуск мониторинга дрифта...
2025-10-28 23:28:38,317 - WARNING -  Мониторинг дрифта завершен с предупреждениями
2025-10-28 23:28:38,318 - INFO - Запуск EDA анализ...
2025-10-28 23:28:42,745 - INFO - EDA анализ завершен успешно
2025-10-28 23:28:42,745 - INFO - Запуск Подготовка данных...
2025-10-28 23:28:44,771 - INFO - Подготовка данных завершен успешно
2025-10-28 23:28:44,771 - INFO - Запуск Feature Engineering...
2025-10-28 23:28:46,344 - INFO - Feature Engineering завершен успешно
2025-10-28 23:28:46,345 - INFO - Запуск Обучение моделей...
2025-10-28 23:30:08,520 - INFO - Обучение моделей завершен успешно
2025-10-28 23:30:08,520 - INFO - Запуск сервисов...
2025-10-28 23:30:08,524 - INFO - MLflow запущен: http://127.0.0.1:5000
2025-10-28 23:30:08,529 - INFO - FastAPI запущен: http://127.0.0.1:8000
2025-10-28 23:30:08,529 - INFO -  Документация: http://127.0.0.1:8000/docs
2025-10-28 23:30:08,529 - INFO -  Дашборд: http://127.0.0.1:8000/dashboard
2025-10-28 23:30:08,530 - INFO - Для остановки нажмите Ctrl+C
2025-10-29 00:07:02,324 - INFO - ==================================================
2025-10-29 00:07:02,325 - INFO - ЗАПУСК ПРОЕКТА CREDIT SCORING - Режим: full
2025-10-29 00:07:02,325 - INFO - ==================================================
2025-10-29 00:07:02,325 - INFO - Виртуальное окружение активировано
2025-10-29 00:07:02,325 - INFO - Создание структуры проекта...
2025-10-29 00:07:02,327 - INFO - Структура проекта создана!
2025-10-29 00:07:02,327 - INFO -  Настройка тестирования...
2025-10-29 00:07:02,328 - INFO -  Настройка мониторинга...
2025-10-29 00:07:02,328 - INFO - Данные найдены
2025-10-29 00:07:02,328 - INFO -  Режим: Полный пайплайн
2025-10-29 00:07:02,328 - INFO - Запуск unit-тестов...
2025-10-29 00:07:03,262 - WARNING - Некоторые тесты не прошли
2025-10-29 00:07:03,263 - INFO - Проверка стиля кода...
2025-10-29 00:07:04,136 - WARNING - Flake8: найдено проблем - 521
2025-10-29 00:07:04,136 - WARNING -  Проблемы с тестами/линтингом, но продолжаем...
2025-10-29 00:07:04,136 - INFO -  Запуск мониторинга дрифта...
2025-10-29 00:07:06,627 - INFO -  Мониторинг дрифта завершен успешно
2025-10-29 00:07:06,628 - INFO - Мониторинг: РЕЗУЛЬТАТЫ МОНИТОРИНГА ДРИФТА:
2025-10-29 00:07:06,628 - INFO - Мониторинг: Признаков с дрифтом: 0
2025-10-29 00:07:06,628 - INFO - Запуск EDA анализ...
2025-10-29 00:07:15,832 - INFO - EDA анализ завершен успешно
2025-10-29 00:07:15,832 - INFO - Запуск Подготовка данных...
2025-10-29 00:07:18,403 - INFO - Подготовка данных завершен успешно
2025-10-29 00:07:18,403 - INFO - Запуск Feature Engineering...
2025-10-29 00:07:20,041 - INFO - Feature Engineering завершен успешно
2025-10-29 00:07:20,041 - INFO - Запуск Обучение моделей...
2025-10-29 00:08:45,109 - INFO - Обучение моделей завершен успешно
2025-10-29 00:08:45,110 - INFO - Запуск сервисов...
2025-10-29 00:08:45,115 - INFO - MLflow запущен: http://127.0.0.1:5000
2025-10-29 00:08:45,121 - INFO - FastAPI запущен: http://127.0.0.1:8000
2025-10-29 00:08:45,122 - INFO -  Документация: http://127.0.0.1:8000/docs
2025-10-29 00:08:45,122 - INFO -  Дашборд: http://127.0.0.1:8000/dashboard
2025-10-29 00:08:45,122 - INFO - Для остановки нажмите Ctrl+C
2025-10-29 00:31:43,461 - INFO - ==================================================
2025-10-29 00:31:43,461 - INFO - ЗАПУСК ПРОЕКТА CREDIT SCORING - Режим: full
2025-10-29 00:31:43,461 - INFO - ==================================================
2025-10-29 00:31:43,461 - INFO - Виртуальное окружение активировано
2025-10-29 00:31:43,461 - INFO - Создание структуры проекта...
2025-10-29 00:31:43,462 - INFO - Структура проекта создана!
2025-10-29 00:31:43,463 - INFO -  Настройка тестирования...
2025-10-29 00:31:43,463 - INFO -  Настройка мониторинга...
2025-10-29 00:31:43,463 - INFO - Данные найдены
2025-10-29 00:31:43,464 - INFO -  Режим: Полный пайплайн
2025-10-29 00:31:43,464 - INFO - Запуск unit-тестов...
2025-10-29 00:31:43,818 - WARNING - Некоторые тесты не прошли
2025-10-29 00:31:43,819 - INFO - Проверка стиля кода...
2025-10-29 00:31:44,461 - WARNING - Flake8: найдено проблем - 458
2025-10-29 00:31:44,461 - WARNING -  Проблемы с тестами/линтингом, но продолжаем...
2025-10-29 00:31:44,461 - INFO -  Запуск мониторинга дрифта...
2025-10-29 00:31:45,167 - INFO -  Мониторинг дрифта завершен успешно
2025-10-29 00:31:45,168 - INFO - Мониторинг: РЕЗУЛЬТАТЫ МОНИТОРИНГА ДРИФТА:
2025-10-29 00:31:45,168 - INFO - Мониторинг: Признаков с дрифтом: 0
2025-10-29 00:31:45,168 - INFO - Запуск EDA анализ...
2025-10-29 00:31:49,523 - INFO - EDA анализ завершен успешно
2025-10-29 00:31:49,523 - INFO - Запуск Подготовка данных...
2025-10-29 00:31:51,445 - INFO - Подготовка данных завершен успешно
2025-10-29 00:31:51,445 - INFO - Запуск Feature Engineering...
2025-10-29 00:31:52,985 - INFO - Feature Engineering завершен успешно
2025-10-29 00:31:52,985 - INFO - Запуск Обучение моделей...
2025-10-29 00:33:16,109 - INFO - Обучение моделей завершен успешно
2025-10-29 00:33:16,109 - INFO - Запуск сервисов...
2025-10-29 00:33:16,113 - INFO - MLflow запущен: http://127.0.0.1:5000
2025-10-29 00:33:16,118 - INFO - FastAPI запущен: http://127.0.0.1:8000
2025-10-29 00:33:16,118 - INFO -  Документация: http://127.0.0.1:8000/docs
2025-10-29 00:33:16,119 - INFO -  Дашборд: http://127.0.0.1:8000/dashboard
2025-10-29 00:33:16,119 - INFO - Для остановки нажмите Ctrl+C
